<?xml version='1.0'?>
<ns2:test-suite xmlns:ns2='urn:model.allure.qatools.yandex.ru' start='1671327178234' stop='1671327198188'>
    <name>Email Confirmation Test Scenarios</name>
    <title>Email Confirmation Test Scenarios</title>
    <test-cases>
        <test-case start='1671327178235' status='failed' stop='1671327198178'>
            <name>should create an account and verify confirmation email was received</name>
            <title>should create an account and verify confirmation email was received</title>
            <labels>
                <label name='language' value='javascript'/>
                <label name='framework' value='wdio'/>
                <label name='thread' value='0-0'/>
            </labels>
            <parameters>
                <parameter kind='argument' name='browser' value='chrome-108.0.5359.99'/>
            </parameters>
            <steps/>
            <attachments/>
            <failure>
                <message>Expect Verify your email to have text
                
                Expected: ""
                Received: undefined</message>
                <stack-trace>Error: Expect Verify your email to have text
                
                Expected: ""
                Received: undefined
                    at Context.&lt;anonymous> (C:\Users\Jonelle\Desktop\automation-project-jramlal\test\specs\emailconf.e2e.js:23:37)
                    at processTicksAndRejections (node:internal/process/task_queues:96:5)</stack-trace>
            </failure>
        </test-case>
        <test-case start='1671327198186' status='pending' stop='1671327198187'>
            <name>Should purchase an item and verify confirmation email was received</name>
            <title>Should purchase an item and verify confirmation email was received</title>
            <labels/>
            <parameters/>
            <steps/>
            <attachments/>
            <failure>
                <message>Test ignored</message>
                <stack-trace>undefined</stack-trace>
            </failure>
        </test-case>
    </test-cases>
</ns2:test-suite>